gsum -i:MDLExample -k:4 -v:T -rd:T -m:EN -sm:EGH
The graph is loaded, the nodes is 8, the edges is 11
initialize coloring and matrix/data distribution...
Total Entropy: 0.211735
Bnz:
0: [0,0]: 20	[0,1]: 1	[0,2]: 0	[0,3]: 0	
1: [1,0]: 1	[1,1]: 0	[1,2]: 0	[1,3]: 0	
2: [2,0]: 0	[2,1]: 0	[2,2]: 0	[2,3]: 0	
3: [3,0]: 0	[3,1]: 0	[3,2]: 0	[3,3]: 0	
Ben:
0: [0,0]: 0.184949	[0,1]: 0.013393	[0,2]: 0.000000	[0,3]: 0.000000	
1: [1,0]: 0.013393	[1,1]: 0.000000	[1,2]: 0.000000	[1,3]: 0.000000	
2: [2,0]: 0.000000	[2,1]: 0.000000	[2,2]: 0.000000	[2,3]: 0.000000	
3: [3,0]: 0.000000	[3,1]: 0.000000	[3,2]: 0.000000	[3,3]: 0.000000	
Colors: 
0: 0	1	
NIdColor:8, ColorNIds:2

The initializing time is: 1.028

Color -> NIds: 
0: 1	2	3	5	6	7	8	
1: 4	
(TotalEnt, Color#): (0.198342, 0) with the size 7: 
the node 1 is shuffled from 0 to 2 with maximum entropy gain 0.046804
the node 2 is shuffled from 0 to 0 with maximum entropy gain 0.000000
the node 3 is shuffled from 0 to 0 with maximum entropy gain 0.000000
the node 5 is shuffled from 0 to 0 with maximum entropy gain 0.000000
the node 6 is shuffled from 0 to 1 with maximum entropy gain 0.028056
the node 7 is shuffled from 0 to 0 with maximum entropy gain 0.000000
the node 8 is shuffled from 0 to 0 with maximum entropy gain 0.000000
(TotalEnt, Color#): (0.123482, 0) with the size 7: 
the node 1 is shuffled from 0 to 0 with maximum entropy gain 0.000000
the node 2 is shuffled from 0 to 3 with maximum entropy gain 0.007969
the node 3 is shuffled from 0 to 3 with maximum entropy gain 0.031684
the node 5 is shuffled from 0 to 1 with maximum entropy gain 0.034722
the node 6 is shuffled from 0 to 0 with maximum entropy gain 0.000000
the node 7 is shuffled from 0 to 0 with maximum entropy gain 0.000000
the node 8 is shuffled from 0 to 0 with maximum entropy gain 0.000000
(TotalEnt, Color#): (0.013393, 1) with the size 1: 
the node 4 is shuffled from 1 to 1 with maximum entropy gain 0.000000
The summarization time is: 7.106

run time: 7.12s (11:44:50)
writing the results into files...
done!

total run time (including output result time): 7.92s (11:44:51)
