gsum -i:CaveExample -k:3 -v:T -rd:T -m:EN -sm:EGH
The graph is loaded, the nodes is 60, the edges is 730
initialize coloring and matrix/data distribution...
Total Entropy: 0.000000
Bnz:
0: [0,0]: 900	[0,1]: 0	[0,2]: 0	
1: [1,0]: 0	[1,1]: 400	[1,2]: 0	
2: [2,0]: 0	[2,1]: 0	[2,2]: 100	
Ben:
0: [0,0]: 0.000000	[0,1]: 0.000000	[0,2]: 0.000000	
1: [1,0]: 0.000000	[1,1]: 0.000000	[1,2]: 0.000000	
2: [2,0]: 0.000000	[2,1]: 0.000000	[2,2]: 0.000000	
Colors: 
0: 0	
1: 1	2	
2: 
NIdColor:60, ColorNIds:3

The initializing time is: 2.074

Color -> NIds: 
0: 30	31	32	33	34	35	36	37	38	39	40	41	42	43	44	45	46	47	48	49	50	51	52	53	54	55	56	57	58	59	
1: 10	11	12	13	14	15	16	17	18	19	20	21	22	23	24	25	26	27	28	29	
2: 0	1	2	3	4	5	6	7	8	9	
The summarization time is: 2.074

run time: 2.08s (11:39:31)
writing the results into files...
done!

total run time (including output result time): 3.06s (11:39:32)
